Running: /usr/local/insa/Xilinx.ISE/13.4/ISE_DS/ISE/bin/lin64/unwrapped/fuse -relaunch -intstyle "ise" -incremental -lib "secureip" -o "/home/qmouret/Documents/4A/PSI_ARCHIMAT/Project_PSI/test_processor_isim_beh.exe" -prj "/home/qmouret/Documents/4A/PSI_ARCHIMAT/Project_PSI/test_processor_beh.prj" "work.test_processor" 
ISim O.87xd (signature 0x8ddf5b5d)
Number of CPUs detected in this system: 48
Turning on mult-threading, number of parallel sub-compilation jobs: 96 
Determining compilation order of HDL files
Parsing VHDL file "/home/qmouret/Documents/4A/PSI_ARCHIMAT/Project_PSI/../RegisterFile.vhd" into library work
Parsing VHDL file "/home/qmouret/Documents/4A/PSI_ARCHIMAT/Project_PSI/../Instruct_Memory.vhd" into library work
Parsing VHDL file "/home/qmouret/Documents/4A/PSI_ARCHIMAT/Project_PSI/../Data_Memory.vhd" into library work
Parsing VHDL file "/home/qmouret/Documents/4A/PSI_ARCHIMAT/Project_PSI/../ALU.vhd" into library work
Parsing VHDL file "/home/qmouret/Documents/4A/PSI_ARCHIMAT/Project_PSI/../Processor.vhd" into library work
Parsing VHDL file "/home/qmouret/Documents/4A/PSI_ARCHIMAT/Project_PSI/../test_processor.vhd" into library work
Starting static elaboration
Completed static elaboration
Fuse Memory Usage: 99728 KB
Fuse CPU Usage: 1130 ms
Compiling package standard
Compiling package std_logic_1164
Compiling package std_logic_arith
Compiling package std_logic_unsigned
Compiling package numeric_std
Compiling architecture behavioral of entity RegisterFile [registerfile_default]
Compiling architecture behavioral of entity ALU [alu_default]
Compiling architecture behavioral of entity Data_Memory [data_memory_default]
Compiling architecture behavioral of entity Instruct_Memory [instruct_memory_default]
Compiling architecture struct of entity Processor [processor_default]
Compiling architecture behavior of entity test_processor
Time Resolution for simulation is 1ps.
Waiting for 1 sub-compilation(s) to finish...
Compiled 16 VHDL Units
Built simulation executable /home/qmouret/Documents/4A/PSI_ARCHIMAT/Project_PSI/test_processor_isim_beh.exe
Fuse Memory Usage: 6442948 KB
Fuse CPU Usage: 1320 ms
GCC CPU Usage: 150 ms
